This file contains any messages produced by compilers while
running configure, to aid debugging if configure makes a mistake.

It was created by mtr configure , which was
generated by GNU Autoconf 2.69.  Invocation command line was

  $ ./configure 

## --------- ##
## Platform. ##
## --------- ##

hostname = IDTBR82
uname -m = x86_64
uname -r = 5.10.102.1-microsoft-standard-WSL2
uname -s = Linux
uname -v = #1 SMP Wed Mar 2 00:30:59 UTC 2022

/usr/bin/uname -p = x86_64
/bin/uname -X     = unknown

/bin/arch              = x86_64
/usr/bin/arch -k       = unknown
/usr/convex/getsysinfo = unknown
/usr/bin/hostinfo      = unknown
/bin/machine           = unknown
/usr/bin/oslevel       = unknown
/bin/universe          = unknown

PATH: /usr/local/sbin
PATH: /usr/local/bin
PATH: /usr/sbin
PATH: /usr/bin
PATH: /sbin
PATH: /bin
PATH: /usr/games
PATH: /usr/local/games
PATH: /usr/lib/wsl/lib
PATH: /mnt/c/Program Files/Common Files/Oracle/Java/javapath
PATH: /mnt/c/Windows/system32
PATH: /mnt/c/Windows
PATH: /mnt/c/Windows/System32/Wbem
PATH: /mnt/c/Windows/System32/WindowsPowerShell/v1.0/
PATH: /mnt/c/Windows/System32/OpenSSH/
PATH: /mnt/c/Program Files (x86)/NVIDIA Corporation/PhysX/Common
PATH: /mnt/c/Program Files/NVIDIA Corporation/NVIDIA NvDLISR
PATH: /mnt/c/WINDOWS/system32
PATH: /mnt/c/WINDOWS
PATH: /mnt/c/WINDOWS/System32/Wbem
PATH: /mnt/c/WINDOWS/System32/WindowsPowerShell/v1.0/
PATH: /mnt/c/WINDOWS/System32/OpenSSH/
PATH: /mnt/c/Program Files/PuTTY/
PATH: /mnt/c/Program Files/RepairTech/Syncro/kabuto_app_manager/bin
PATH: /mnt/c/Program Files/Git/cmd
PATH: /mnt/c/Program Files/Docker/Docker/resources/bin
PATH: /mnt/c/Users/santos.r/AppData/Local/Microsoft/WindowsApps
PATH: /mnt/c/Users/santos.r/AppData/Local/atom/bin
PATH: /mnt/c/Program Files (x86)/Nmap
PATH: /mnt/c/Users/santos.r/AppData/Local/Microsoft/WindowsApps
PATH: /mnt/c/Users/santos.r/AppData/Local/Programs/Microsoft VS Code/bin
PATH: /mnt/c/Users/santos.r/AppData/Local/GitHubDesktop/bin
PATH: /usr/local/bin
PATH: /root/bin


## ----------- ##
## Core tests. ##
## ----------- ##

configure:2585: checking for gcc
configure:2601: found /usr/bin/gcc
configure:2612: result: gcc
configure:2841: checking for C compiler version
configure:2850: gcc --version >&5
gcc (GCC) 8.5.0 20210514 (Red Hat 8.5.0-15)
Copyright (C) 2018 Free Software Foundation, Inc.
This is free software; see the source for copying conditions.  There is NO
warranty; not even for MERCHANTABILITY or FITNESS FOR A PARTICULAR PURPOSE.

configure:2861: $? = 0
configure:2850: gcc -v >&5
Using built-in specs.
COLLECT_GCC=gcc
COLLECT_LTO_WRAPPER=/usr/libexec/gcc/x86_64-redhat-linux/8/lto-wrapper
OFFLOAD_TARGET_NAMES=nvptx-none
OFFLOAD_TARGET_DEFAULT=1
Target: x86_64-redhat-linux
Configured with: ../configure --enable-bootstrap --enable-languages=c,c++,fortran,lto --prefix=/usr --mandir=/usr/share/man --infodir=/usr/share/info --with-bugurl=https://bugs.rockylinux.org/ --enable-shared --enable-threads=posix --enable-checking=release --enable-multilib --with-system-zlib --enable-__cxa_atexit --disable-libunwind-exceptions --enable-gnu-unique-object --enable-linker-build-id --with-gcc-major-version-only --with-linker-hash-style=gnu --enable-plugin --enable-initfini-array --with-isl --disable-libmpx --enable-offload-targets=nvptx-none --without-cuda-driver --enable-gnu-indirect-function --enable-cet --with-tune=generic --with-arch_32=x86-64 --build=x86_64-redhat-linux
Thread model: posix
gcc version 8.5.0 20210514 (Red Hat 8.5.0-15) (GCC) 
configure:2861: $? = 0
configure:2850: gcc -V >&5
gcc: error: unrecognized command line option '-V'
gcc: fatal error: no input files
compilation terminated.
configure:2861: $? = 1
configure:2850: gcc -qversion >&5
gcc: error: unrecognized command line option '-qversion'; did you mean '--version'?
gcc: fatal error: no input files
compilation terminated.
configure:2861: $? = 1
configure:2881: checking whether the C compiler works
configure:2903: gcc    conftest.c  >&5
configure:2907: $? = 0
configure:2955: result: yes
configure:2958: checking for C compiler default output file name
configure:2960: result: a.out
configure:2966: checking for suffix of executables
configure:2973: gcc -o conftest    conftest.c  >&5
configure:2977: $? = 0
configure:2999: result: 
configure:3021: checking whether we are cross compiling
configure:3029: gcc -o conftest    conftest.c  >&5
configure:3033: $? = 0
configure:3040: ./conftest
configure:3044: $? = 0
configure:3059: result: no
configure:3064: checking for suffix of object files
configure:3086: gcc -c   conftest.c >&5
configure:3090: $? = 0
configure:3111: result: o
configure:3115: checking whether we are using the GNU C compiler
configure:3134: gcc -c   conftest.c >&5
configure:3134: $? = 0
configure:3143: result: yes
configure:3152: checking whether gcc accepts -g
configure:3172: gcc -c -g  conftest.c >&5
configure:3172: $? = 0
configure:3213: result: yes
configure:3230: checking for gcc option to accept ISO C89
configure:3293: gcc  -c -g -O2  conftest.c >&5
configure:3293: $? = 0
configure:3306: result: none needed
configure:3331: checking whether gcc understands -c and -o together
configure:3353: gcc -c conftest.c -o conftest2.o
configure:3356: $? = 0
configure:3353: gcc -c conftest.c -o conftest2.o
configure:3356: $? = 0
configure:3368: result: yes
configure:3391: checking how to run the C preprocessor
configure:3422: gcc -E  conftest.c
configure:3422: $? = 0
configure:3436: gcc -E  conftest.c
conftest.c:9:10: fatal error: ac_nonexistent.h: No such file or directory
 #include <ac_nonexistent.h>
          ^~~~~~~~~~~~~~~~~~
compilation terminated.
configure:3436: $? = 1
configure: failed program was:
| /* confdefs.h */
| #define PACKAGE_NAME "mtr"
| #define PACKAGE_TARNAME "mtr"
| #define PACKAGE_VERSION ""
| #define PACKAGE_STRING "mtr "
| #define PACKAGE_BUGREPORT "R.E.Wolff@BitWizard.nl"
| #define PACKAGE_URL "http://www.BitWizard.nl/mtr/"
| /* end confdefs.h.  */
| #include <ac_nonexistent.h>
configure:3461: result: gcc -E
configure:3481: gcc -E  conftest.c
configure:3481: $? = 0
configure:3495: gcc -E  conftest.c
conftest.c:9:10: fatal error: ac_nonexistent.h: No such file or directory
 #include <ac_nonexistent.h>
          ^~~~~~~~~~~~~~~~~~
compilation terminated.
configure:3495: $? = 1
configure: failed program was:
| /* confdefs.h */
| #define PACKAGE_NAME "mtr"
| #define PACKAGE_TARNAME "mtr"
| #define PACKAGE_VERSION ""
| #define PACKAGE_STRING "mtr "
| #define PACKAGE_BUGREPORT "R.E.Wolff@BitWizard.nl"
| #define PACKAGE_URL "http://www.BitWizard.nl/mtr/"
| /* end confdefs.h.  */
| #include <ac_nonexistent.h>
configure:3524: checking for grep that handles long lines and -e
configure:3582: result: /usr/bin/grep
configure:3587: checking for egrep
configure:3649: result: /usr/bin/grep -E
configure:3654: checking for ANSI C header files
configure:3674: gcc -c -g -O2  conftest.c >&5
configure:3674: $? = 0
configure:3747: gcc -o conftest -g -O2   conftest.c  >&5
configure:3747: $? = 0
configure:3747: ./conftest
configure:3747: $? = 0
configure:3758: result: yes
configure:3771: checking for sys/types.h
configure:3771: gcc -c -g -O2  conftest.c >&5
configure:3771: $? = 0
configure:3771: result: yes
configure:3771: checking for sys/stat.h
configure:3771: gcc -c -g -O2  conftest.c >&5
configure:3771: $? = 0
configure:3771: result: yes
configure:3771: checking for stdlib.h
configure:3771: gcc -c -g -O2  conftest.c >&5
configure:3771: $? = 0
configure:3771: result: yes
configure:3771: checking for string.h
configure:3771: gcc -c -g -O2  conftest.c >&5
configure:3771: $? = 0
configure:3771: result: yes
configure:3771: checking for memory.h
configure:3771: gcc -c -g -O2  conftest.c >&5
configure:3771: $? = 0
configure:3771: result: yes
configure:3771: checking for strings.h
configure:3771: gcc -c -g -O2  conftest.c >&5
configure:3771: $? = 0
configure:3771: result: yes
configure:3771: checking for inttypes.h
configure:3771: gcc -c -g -O2  conftest.c >&5
configure:3771: $? = 0
configure:3771: result: yes
configure:3771: checking for stdint.h
configure:3771: gcc -c -g -O2  conftest.c >&5
configure:3771: $? = 0
configure:3771: result: yes
configure:3771: checking for unistd.h
configure:3771: gcc -c -g -O2  conftest.c >&5
configure:3771: $? = 0
configure:3771: result: yes
configure:3784: checking minix/config.h usability
configure:3784: gcc -c -g -O2  conftest.c >&5
conftest.c:52:10: fatal error: minix/config.h: No such file or directory
 #include <minix/config.h>
          ^~~~~~~~~~~~~~~~
compilation terminated.
configure:3784: $? = 1
configure: failed program was:
| /* confdefs.h */
| #define PACKAGE_NAME "mtr"
| #define PACKAGE_TARNAME "mtr"
| #define PACKAGE_VERSION ""
| #define PACKAGE_STRING "mtr "
| #define PACKAGE_BUGREPORT "R.E.Wolff@BitWizard.nl"
| #define PACKAGE_URL "http://www.BitWizard.nl/mtr/"
| #define STDC_HEADERS 1
| #define HAVE_SYS_TYPES_H 1
| #define HAVE_SYS_STAT_H 1
| #define HAVE_STDLIB_H 1
| #define HAVE_STRING_H 1
| #define HAVE_MEMORY_H 1
| #define HAVE_STRINGS_H 1
| #define HAVE_INTTYPES_H 1
| #define HAVE_STDINT_H 1
| #define HAVE_UNISTD_H 1
| /* end confdefs.h.  */
| #include <stdio.h>
| #ifdef HAVE_SYS_TYPES_H
| # include <sys/types.h>
| #endif
| #ifdef HAVE_SYS_STAT_H
| # include <sys/stat.h>
| #endif
| #ifdef STDC_HEADERS
| # include <stdlib.h>
| # include <stddef.h>
| #else
| # ifdef HAVE_STDLIB_H
| #  include <stdlib.h>
| # endif
| #endif
| #ifdef HAVE_STRING_H
| # if !defined STDC_HEADERS && defined HAVE_MEMORY_H
| #  include <memory.h>
| # endif
| # include <string.h>
| #endif
| #ifdef HAVE_STRINGS_H
| # include <strings.h>
| #endif
| #ifdef HAVE_INTTYPES_H
| # include <inttypes.h>
| #endif
| #ifdef HAVE_STDINT_H
| # include <stdint.h>
| #endif
| #ifdef HAVE_UNISTD_H
| # include <unistd.h>
| #endif
| #include <minix/config.h>
configure:3784: result: no
configure:3784: checking minix/config.h presence
configure:3784: gcc -E  conftest.c
conftest.c:19:10: fatal error: minix/config.h: No such file or directory
 #include <minix/config.h>
          ^~~~~~~~~~~~~~~~
compilation terminated.
configure:3784: $? = 1
configure: failed program was:
| /* confdefs.h */
| #define PACKAGE_NAME "mtr"
| #define PACKAGE_TARNAME "mtr"
| #define PACKAGE_VERSION ""
| #define PACKAGE_STRING "mtr "
| #define PACKAGE_BUGREPORT "R.E.Wolff@BitWizard.nl"
| #define PACKAGE_URL "http://www.BitWizard.nl/mtr/"
| #define STDC_HEADERS 1
| #define HAVE_SYS_TYPES_H 1
| #define HAVE_SYS_STAT_H 1
| #define HAVE_STDLIB_H 1
| #define HAVE_STRING_H 1
| #define HAVE_MEMORY_H 1
| #define HAVE_STRINGS_H 1
| #define HAVE_INTTYPES_H 1
| #define HAVE_STDINT_H 1
| #define HAVE_UNISTD_H 1
| /* end confdefs.h.  */
| #include <minix/config.h>
configure:3784: result: no
configure:3784: checking for minix/config.h
configure:3784: result: no
configure:3805: checking whether it is safe to define __EXTENSIONS__
configure:3823: gcc -c -g -O2  conftest.c >&5
configure:3823: $? = 0
configure:3830: result: yes
configure:3860: checking for a BSD-compatible install
configure:3928: result: /usr/bin/install -c
configure:3939: checking whether build environment is sane
configure:3994: result: yes
configure:4142: checking for a thread-safe mkdir -p
configure:4181: result: /usr/bin/mkdir -p
configure:4188: checking for gawk
configure:4204: found /usr/bin/gawk
configure:4215: result: gawk
configure:4226: checking whether make sets $(MAKE)
configure:4248: result: yes
configure:4270: checking whether make supports the include directive
configure:4285: make -f confmf.GNU && cat confinc.out
this is the am__doit target
configure:4288: $? = 0
configure:4307: result: yes (GNU style)
configure:4340: checking whether make supports nested variables
configure:4357: result: yes
configure:4442: checking dependency style of gcc
configure:4553: result: gcc3
configure:4624: checking whether make supports nested variables
configure:4641: result: yes
configure:4657: checking build system type
configure:4671: result: x86_64-pc-linux-gnu
configure:4691: checking host system type
configure:4704: result: x86_64-pc-linux-gnu
configure:4772: checking for gcc
configure:4799: result: gcc
configure:5028: checking for C compiler version
configure:5037: gcc --version >&5
gcc (GCC) 8.5.0 20210514 (Red Hat 8.5.0-15)
Copyright (C) 2018 Free Software Foundation, Inc.
This is free software; see the source for copying conditions.  There is NO
warranty; not even for MERCHANTABILITY or FITNESS FOR A PARTICULAR PURPOSE.

configure:5048: $? = 0
configure:5037: gcc -v >&5
Using built-in specs.
COLLECT_GCC=gcc
COLLECT_LTO_WRAPPER=/usr/libexec/gcc/x86_64-redhat-linux/8/lto-wrapper
OFFLOAD_TARGET_NAMES=nvptx-none
OFFLOAD_TARGET_DEFAULT=1
Target: x86_64-redhat-linux
Configured with: ../configure --enable-bootstrap --enable-languages=c,c++,fortran,lto --prefix=/usr --mandir=/usr/share/man --infodir=/usr/share/info --with-bugurl=https://bugs.rockylinux.org/ --enable-shared --enable-threads=posix --enable-checking=release --enable-multilib --with-system-zlib --enable-__cxa_atexit --disable-libunwind-exceptions --enable-gnu-unique-object --enable-linker-build-id --with-gcc-major-version-only --with-linker-hash-style=gnu --enable-plugin --enable-initfini-array --with-isl --disable-libmpx --enable-offload-targets=nvptx-none --without-cuda-driver --enable-gnu-indirect-function --enable-cet --with-tune=generic --with-arch_32=x86-64 --build=x86_64-redhat-linux
Thread model: posix
gcc version 8.5.0 20210514 (Red Hat 8.5.0-15) (GCC) 
configure:5048: $? = 0
configure:5037: gcc -V >&5
gcc: error: unrecognized command line option '-V'
gcc: fatal error: no input files
compilation terminated.
configure:5048: $? = 1
configure:5037: gcc -qversion >&5
gcc: error: unrecognized command line option '-qversion'; did you mean '--version'?
gcc: fatal error: no input files
compilation terminated.
configure:5048: $? = 1
configure:5052: checking whether we are using the GNU C compiler
configure:5080: result: yes
configure:5089: checking whether gcc accepts -g
configure:5150: result: yes
configure:5167: checking for gcc option to accept ISO C89
configure:5243: result: none needed
configure:5268: checking whether gcc understands -c and -o together
configure:5305: result: yes
configure:5379: checking for pkg-config
configure:5397: found /usr/bin/pkg-config
configure:5409: result: /usr/bin/pkg-config
configure:5434: checking pkg-config is at least version 0.9.0
configure:5437: result: yes
configure:5465: checking size of unsigned char
configure:5470: gcc -o conftest -g -O2   conftest.c  >&5
configure:5470: $? = 0
configure:5470: ./conftest
configure:5470: $? = 0
configure:5484: result: 1
configure:5498: checking size of unsigned short
configure:5503: gcc -o conftest -g -O2   conftest.c  >&5
configure:5503: $? = 0
configure:5503: ./conftest
configure:5503: $? = 0
configure:5517: result: 2
configure:5531: checking size of unsigned int
configure:5536: gcc -o conftest -g -O2   conftest.c  >&5
configure:5536: $? = 0
configure:5536: ./conftest
configure:5536: $? = 0
configure:5550: result: 4
configure:5564: checking size of unsigned long
configure:5569: gcc -o conftest -g -O2   conftest.c  >&5
configure:5569: $? = 0
configure:5569: ./conftest
configure:5569: $? = 0
configure:5583: result: 8
configure:5617: checking arpa/nameser_compat.h usability
configure:5617: gcc -c -g -O2  conftest.c >&5
configure:5617: $? = 0
configure:5617: result: yes
configure:5617: checking arpa/nameser_compat.h presence
configure:5617: gcc -E  conftest.c
configure:5617: $? = 0
configure:5617: result: yes
configure:5617: checking for arpa/nameser_compat.h
configure:5617: result: yes
configure:5617: checking curses.h usability
configure:5617: gcc -c -g -O2  conftest.c >&5
configure:5617: $? = 0
configure:5617: result: yes
configure:5617: checking curses.h presence
configure:5617: gcc -E  conftest.c
configure:5617: $? = 0
configure:5617: result: yes
configure:5617: checking for curses.h
configure:5617: result: yes
configure:5617: checking cursesX.h usability
configure:5617: gcc -c -g -O2  conftest.c >&5
conftest.c:65:10: fatal error: cursesX.h: No such file or directory
 #include <cursesX.h>
          ^~~~~~~~~~~
compilation terminated.
configure:5617: $? = 1
configure: failed program was:
| /* confdefs.h */
| #define PACKAGE_NAME "mtr"
| #define PACKAGE_TARNAME "mtr"
| #define PACKAGE_VERSION ""
| #define PACKAGE_STRING "mtr "
| #define PACKAGE_BUGREPORT "R.E.Wolff@BitWizard.nl"
| #define PACKAGE_URL "http://www.BitWizard.nl/mtr/"
| #define STDC_HEADERS 1
| #define HAVE_SYS_TYPES_H 1
| #define HAVE_SYS_STAT_H 1
| #define HAVE_STDLIB_H 1
| #define HAVE_STRING_H 1
| #define HAVE_MEMORY_H 1
| #define HAVE_STRINGS_H 1
| #define HAVE_INTTYPES_H 1
| #define HAVE_STDINT_H 1
| #define HAVE_UNISTD_H 1
| #define __EXTENSIONS__ 1
| #define _ALL_SOURCE 1
| #define _GNU_SOURCE 1
| #define _POSIX_PTHREAD_SEMANTICS 1
| #define _TANDEM_SOURCE 1
| #define PACKAGE "mtr"
| #define VERSION ""
| #define SIZEOF_UNSIGNED_CHAR 1
| #define SIZEOF_UNSIGNED_SHORT 2
| #define SIZEOF_UNSIGNED_INT 4
| #define SIZEOF_UNSIGNED_LONG 8
| #define HAVE_ARPA_NAMESER_COMPAT_H 1
| #define HAVE_CURSES_H 1
| /* end confdefs.h.  */
| #include <stdio.h>
| #ifdef HAVE_SYS_TYPES_H
| # include <sys/types.h>
| #endif
| #ifdef HAVE_SYS_STAT_H
| # include <sys/stat.h>
| #endif
| #ifdef STDC_HEADERS
| # include <stdlib.h>
| # include <stddef.h>
| #else
| # ifdef HAVE_STDLIB_H
| #  include <stdlib.h>
| # endif
| #endif
| #ifdef HAVE_STRING_H
| # if !defined STDC_HEADERS && defined HAVE_MEMORY_H
| #  include <memory.h>
| # endif
| # include <string.h>
| #endif
| #ifdef HAVE_STRINGS_H
| # include <strings.h>
| #endif
| #ifdef HAVE_INTTYPES_H
| # include <inttypes.h>
| #endif
| #ifdef HAVE_STDINT_H
| # include <stdint.h>
| #endif
| #ifdef HAVE_UNISTD_H
| # include <unistd.h>
| #endif
| #include <cursesX.h>
configure:5617: result: no
configure:5617: checking cursesX.h presence
configure:5617: gcc -E  conftest.c
conftest.c:32:10: fatal error: cursesX.h: No such file or directory
 #include <cursesX.h>
          ^~~~~~~~~~~
compilation terminated.
configure:5617: $? = 1
configure: failed program was:
| /* confdefs.h */
| #define PACKAGE_NAME "mtr"
| #define PACKAGE_TARNAME "mtr"
| #define PACKAGE_VERSION ""
| #define PACKAGE_STRING "mtr "
| #define PACKAGE_BUGREPORT "R.E.Wolff@BitWizard.nl"
| #define PACKAGE_URL "http://www.BitWizard.nl/mtr/"
| #define STDC_HEADERS 1
| #define HAVE_SYS_TYPES_H 1
| #define HAVE_SYS_STAT_H 1
| #define HAVE_STDLIB_H 1
| #define HAVE_STRING_H 1
| #define HAVE_MEMORY_H 1
| #define HAVE_STRINGS_H 1
| #define HAVE_INTTYPES_H 1
| #define HAVE_STDINT_H 1
| #define HAVE_UNISTD_H 1
| #define __EXTENSIONS__ 1
| #define _ALL_SOURCE 1
| #define _GNU_SOURCE 1
| #define _POSIX_PTHREAD_SEMANTICS 1
| #define _TANDEM_SOURCE 1
| #define PACKAGE "mtr"
| #define VERSION ""
| #define SIZEOF_UNSIGNED_CHAR 1
| #define SIZEOF_UNSIGNED_SHORT 2
| #define SIZEOF_UNSIGNED_INT 4
| #define SIZEOF_UNSIGNED_LONG 8
| #define HAVE_ARPA_NAMESER_COMPAT_H 1
| #define HAVE_CURSES_H 1
| /* end confdefs.h.  */
| #include <cursesX.h>
configure:5617: result: no
configure:5617: checking for cursesX.h
configure:5617: result: no
configure:5617: checking error.h usability
configure:5617: gcc -c -g -O2  conftest.c >&5
configure:5617: $? = 0
configure:5617: result: yes
configure:5617: checking error.h presence
configure:5617: gcc -E  conftest.c
configure:5617: $? = 0
configure:5617: result: yes
configure:5617: checking for error.h
configure:5617: result: yes
configure:5617: checking fcntl.h usability
configure:5617: gcc -c -g -O2  conftest.c >&5
configure:5617: $? = 0
configure:5617: result: yes
configure:5617: checking fcntl.h presence
configure:5617: gcc -E  conftest.c
configure:5617: $? = 0
configure:5617: result: yes
configure:5617: checking for fcntl.h
configure:5617: result: yes
configure:5617: checking linux/icmp.h usability
configure:5617: gcc -c -g -O2  conftest.c >&5
configure:5617: $? = 0
configure:5617: result: yes
configure:5617: checking linux/icmp.h presence
configure:5617: gcc -E  conftest.c
configure:5617: $? = 0
configure:5617: result: yes
configure:5617: checking for linux/icmp.h
configure:5617: result: yes
configure:5617: checking linux/errqueue.h usability
configure:5617: gcc -c -g -O2  conftest.c >&5
configure:5617: $? = 0
configure:5617: result: yes
configure:5617: checking linux/errqueue.h presence
configure:5617: gcc -E  conftest.c
configure:5617: $? = 0
configure:5617: result: yes
configure:5617: checking for linux/errqueue.h
configure:5617: result: yes
configure:5617: checking ncurses.h usability
configure:5617: gcc -c -g -O2  conftest.c >&5
configure:5617: $? = 0
configure:5617: result: yes
configure:5617: checking ncurses.h presence
configure:5617: gcc -E  conftest.c
configure:5617: $? = 0
configure:5617: result: yes
configure:5617: checking for ncurses.h
configure:5617: result: yes
configure:5617: checking ncurses/curses.h usability
configure:5617: gcc -c -g -O2  conftest.c >&5
configure:5617: $? = 0
configure:5617: result: yes
configure:5617: checking ncurses/curses.h presence
configure:5617: gcc -E  conftest.c
configure:5617: $? = 0
configure:5617: result: yes
configure:5617: checking for ncurses/curses.h
configure:5617: result: yes
configure:5617: checking netinet/in.h usability
configure:5617: gcc -c -g -O2  conftest.c >&5
configure:5617: $? = 0
configure:5617: result: yes
configure:5617: checking netinet/in.h presence
configure:5617: gcc -E  conftest.c
configure:5617: $? = 0
configure:5617: result: yes
configure:5617: checking for netinet/in.h
configure:5617: result: yes
configure:5617: checking socket.h usability
configure:5617: gcc -c -g -O2  conftest.c >&5
conftest.c:72:10: fatal error: socket.h: No such file or directory
 #include <socket.h>
          ^~~~~~~~~~
compilation terminated.
configure:5617: $? = 1
configure: failed program was:
| /* confdefs.h */
| #define PACKAGE_NAME "mtr"
| #define PACKAGE_TARNAME "mtr"
| #define PACKAGE_VERSION ""
| #define PACKAGE_STRING "mtr "
| #define PACKAGE_BUGREPORT "R.E.Wolff@BitWizard.nl"
| #define PACKAGE_URL "http://www.BitWizard.nl/mtr/"
| #define STDC_HEADERS 1
| #define HAVE_SYS_TYPES_H 1
| #define HAVE_SYS_STAT_H 1
| #define HAVE_STDLIB_H 1
| #define HAVE_STRING_H 1
| #define HAVE_MEMORY_H 1
| #define HAVE_STRINGS_H 1
| #define HAVE_INTTYPES_H 1
| #define HAVE_STDINT_H 1
| #define HAVE_UNISTD_H 1
| #define __EXTENSIONS__ 1
| #define _ALL_SOURCE 1
| #define _GNU_SOURCE 1
| #define _POSIX_PTHREAD_SEMANTICS 1
| #define _TANDEM_SOURCE 1
| #define PACKAGE "mtr"
| #define VERSION ""
| #define SIZEOF_UNSIGNED_CHAR 1
| #define SIZEOF_UNSIGNED_SHORT 2
| #define SIZEOF_UNSIGNED_INT 4
| #define SIZEOF_UNSIGNED_LONG 8
| #define HAVE_ARPA_NAMESER_COMPAT_H 1
| #define HAVE_CURSES_H 1
| #define HAVE_ERROR_H 1
| #define HAVE_FCNTL_H 1
| #define HAVE_LINUX_ICMP_H 1
| #define HAVE_LINUX_ERRQUEUE_H 1
| #define HAVE_NCURSES_H 1
| #define HAVE_NCURSES_CURSES_H 1
| #define HAVE_NETINET_IN_H 1
| /* end confdefs.h.  */
| #include <stdio.h>
| #ifdef HAVE_SYS_TYPES_H
| # include <sys/types.h>
| #endif
| #ifdef HAVE_SYS_STAT_H
| # include <sys/stat.h>
| #endif
| #ifdef STDC_HEADERS
| # include <stdlib.h>
| # include <stddef.h>
| #else
| # ifdef HAVE_STDLIB_H
| #  include <stdlib.h>
| # endif
| #endif
| #ifdef HAVE_STRING_H
| # if !defined STDC_HEADERS && defined HAVE_MEMORY_H
| #  include <memory.h>
| # endif
| # include <string.h>
| #endif
| #ifdef HAVE_STRINGS_H
| # include <strings.h>
| #endif
| #ifdef HAVE_INTTYPES_H
| # include <inttypes.h>
| #endif
| #ifdef HAVE_STDINT_H
| # include <stdint.h>
| #endif
| #ifdef HAVE_UNISTD_H
| # include <unistd.h>
| #endif
| #include <socket.h>
configure:5617: result: no
configure:5617: checking socket.h presence
configure:5617: gcc -E  conftest.c
conftest.c:39:10: fatal error: socket.h: No such file or directory
 #include <socket.h>
          ^~~~~~~~~~
compilation terminated.
configure:5617: $? = 1
configure: failed program was:
| /* confdefs.h */
| #define PACKAGE_NAME "mtr"
| #define PACKAGE_TARNAME "mtr"
| #define PACKAGE_VERSION ""
| #define PACKAGE_STRING "mtr "
| #define PACKAGE_BUGREPORT "R.E.Wolff@BitWizard.nl"
| #define PACKAGE_URL "http://www.BitWizard.nl/mtr/"
| #define STDC_HEADERS 1
| #define HAVE_SYS_TYPES_H 1
| #define HAVE_SYS_STAT_H 1
| #define HAVE_STDLIB_H 1
| #define HAVE_STRING_H 1
| #define HAVE_MEMORY_H 1
| #define HAVE_STRINGS_H 1
| #define HAVE_INTTYPES_H 1
| #define HAVE_STDINT_H 1
| #define HAVE_UNISTD_H 1
| #define __EXTENSIONS__ 1
| #define _ALL_SOURCE 1
| #define _GNU_SOURCE 1
| #define _POSIX_PTHREAD_SEMANTICS 1
| #define _TANDEM_SOURCE 1
| #define PACKAGE "mtr"
| #define VERSION ""
| #define SIZEOF_UNSIGNED_CHAR 1
| #define SIZEOF_UNSIGNED_SHORT 2
| #define SIZEOF_UNSIGNED_INT 4
| #define SIZEOF_UNSIGNED_LONG 8
| #define HAVE_ARPA_NAMESER_COMPAT_H 1
| #define HAVE_CURSES_H 1
| #define HAVE_ERROR_H 1
| #define HAVE_FCNTL_H 1
| #define HAVE_LINUX_ICMP_H 1
| #define HAVE_LINUX_ERRQUEUE_H 1
| #define HAVE_NCURSES_H 1
| #define HAVE_NCURSES_CURSES_H 1
| #define HAVE_NETINET_IN_H 1
| /* end confdefs.h.  */
| #include <socket.h>
configure:5617: result: no
configure:5617: checking for socket.h
configure:5617: result: no
configure:5617: checking sys/cdefs.h usability
configure:5617: gcc -c -g -O2  conftest.c >&5
configure:5617: $? = 0
configure:5617: result: yes
configure:5617: checking sys/cdefs.h presence
configure:5617: gcc -E  conftest.c
configure:5617: $? = 0
configure:5617: result: yes
configure:5617: checking for sys/cdefs.h
configure:5617: result: yes
configure:5617: checking sys/limits.h usability
configure:5617: gcc -c -g -O2  conftest.c >&5
conftest.c:73:10: fatal error: sys/limits.h: No such file or directory
 #include <sys/limits.h>
          ^~~~~~~~~~~~~~
compilation terminated.
configure:5617: $? = 1
configure: failed program was:
| /* confdefs.h */
| #define PACKAGE_NAME "mtr"
| #define PACKAGE_TARNAME "mtr"
| #define PACKAGE_VERSION ""
| #define PACKAGE_STRING "mtr "
| #define PACKAGE_BUGREPORT "R.E.Wolff@BitWizard.nl"
| #define PACKAGE_URL "http://www.BitWizard.nl/mtr/"
| #define STDC_HEADERS 1
| #define HAVE_SYS_TYPES_H 1
| #define HAVE_SYS_STAT_H 1
| #define HAVE_STDLIB_H 1
| #define HAVE_STRING_H 1
| #define HAVE_MEMORY_H 1
| #define HAVE_STRINGS_H 1
| #define HAVE_INTTYPES_H 1
| #define HAVE_STDINT_H 1
| #define HAVE_UNISTD_H 1
| #define __EXTENSIONS__ 1
| #define _ALL_SOURCE 1
| #define _GNU_SOURCE 1
| #define _POSIX_PTHREAD_SEMANTICS 1
| #define _TANDEM_SOURCE 1
| #define PACKAGE "mtr"
| #define VERSION ""
| #define SIZEOF_UNSIGNED_CHAR 1
| #define SIZEOF_UNSIGNED_SHORT 2
| #define SIZEOF_UNSIGNED_INT 4
| #define SIZEOF_UNSIGNED_LONG 8
| #define HAVE_ARPA_NAMESER_COMPAT_H 1
| #define HAVE_CURSES_H 1
| #define HAVE_ERROR_H 1
| #define HAVE_FCNTL_H 1
| #define HAVE_LINUX_ICMP_H 1
| #define HAVE_LINUX_ERRQUEUE_H 1
| #define HAVE_NCURSES_H 1
| #define HAVE_NCURSES_CURSES_H 1
| #define HAVE_NETINET_IN_H 1
| #define HAVE_SYS_CDEFS_H 1
| /* end confdefs.h.  */
| #include <stdio.h>
| #ifdef HAVE_SYS_TYPES_H
| # include <sys/types.h>
| #endif
| #ifdef HAVE_SYS_STAT_H
| # include <sys/stat.h>
| #endif
| #ifdef STDC_HEADERS
| # include <stdlib.h>
| # include <stddef.h>
| #else
| # ifdef HAVE_STDLIB_H
| #  include <stdlib.h>
| # endif
| #endif
| #ifdef HAVE_STRING_H
| # if !defined STDC_HEADERS && defined HAVE_MEMORY_H
| #  include <memory.h>
| # endif
| # include <string.h>
| #endif
| #ifdef HAVE_STRINGS_H
| # include <strings.h>
| #endif
| #ifdef HAVE_INTTYPES_H
| # include <inttypes.h>
| #endif
| #ifdef HAVE_STDINT_H
| # include <stdint.h>
| #endif
| #ifdef HAVE_UNISTD_H
| # include <unistd.h>
| #endif
| #include <sys/limits.h>
configure:5617: result: no
configure:5617: checking sys/limits.h presence
configure:5617: gcc -E  conftest.c
conftest.c:40:10: fatal error: sys/limits.h: No such file or directory
 #include <sys/limits.h>
          ^~~~~~~~~~~~~~
compilation terminated.
configure:5617: $? = 1
configure: failed program was:
| /* confdefs.h */
| #define PACKAGE_NAME "mtr"
| #define PACKAGE_TARNAME "mtr"
| #define PACKAGE_VERSION ""
| #define PACKAGE_STRING "mtr "
| #define PACKAGE_BUGREPORT "R.E.Wolff@BitWizard.nl"
| #define PACKAGE_URL "http://www.BitWizard.nl/mtr/"
| #define STDC_HEADERS 1
| #define HAVE_SYS_TYPES_H 1
| #define HAVE_SYS_STAT_H 1
| #define HAVE_STDLIB_H 1
| #define HAVE_STRING_H 1
| #define HAVE_MEMORY_H 1
| #define HAVE_STRINGS_H 1
| #define HAVE_INTTYPES_H 1
| #define HAVE_STDINT_H 1
| #define HAVE_UNISTD_H 1
| #define __EXTENSIONS__ 1
| #define _ALL_SOURCE 1
| #define _GNU_SOURCE 1
| #define _POSIX_PTHREAD_SEMANTICS 1
| #define _TANDEM_SOURCE 1
| #define PACKAGE "mtr"
| #define VERSION ""
| #define SIZEOF_UNSIGNED_CHAR 1
| #define SIZEOF_UNSIGNED_SHORT 2
| #define SIZEOF_UNSIGNED_INT 4
| #define SIZEOF_UNSIGNED_LONG 8
| #define HAVE_ARPA_NAMESER_COMPAT_H 1
| #define HAVE_CURSES_H 1
| #define HAVE_ERROR_H 1
| #define HAVE_FCNTL_H 1
| #define HAVE_LINUX_ICMP_H 1
| #define HAVE_LINUX_ERRQUEUE_H 1
| #define HAVE_NCURSES_H 1
| #define HAVE_NCURSES_CURSES_H 1
| #define HAVE_NETINET_IN_H 1
| #define HAVE_SYS_CDEFS_H 1
| /* end confdefs.h.  */
| #include <sys/limits.h>
configure:5617: result: no
configure:5617: checking for sys/limits.h
configure:5617: result: no
configure:5617: checking sys/socket.h usability
configure:5617: gcc -c -g -O2  conftest.c >&5
configure:5617: $? = 0
configure:5617: result: yes
configure:5617: checking sys/socket.h presence
configure:5617: gcc -E  conftest.c
configure:5617: $? = 0
configure:5617: result: yes
configure:5617: checking for sys/socket.h
configure:5617: result: yes
configure:5617: checking stdio_ext.h usability
configure:5617: gcc -c -g -O2  conftest.c >&5
configure:5617: $? = 0
configure:5617: result: yes
configure:5617: checking stdio_ext.h presence
configure:5617: gcc -E  conftest.c
configure:5617: $? = 0
configure:5617: result: yes
configure:5617: checking for stdio_ext.h
configure:5617: result: yes
configure:5617: checking for sys/types.h
configure:5617: result: yes
configure:5617: checking sys/xti.h usability
configure:5617: gcc -c -g -O2  conftest.c >&5
conftest.c:76:10: fatal error: sys/xti.h: No such file or directory
 #include <sys/xti.h>
          ^~~~~~~~~~~
compilation terminated.
configure:5617: $? = 1
configure: failed program was:
| /* confdefs.h */
| #define PACKAGE_NAME "mtr"
| #define PACKAGE_TARNAME "mtr"
| #define PACKAGE_VERSION ""
| #define PACKAGE_STRING "mtr "
| #define PACKAGE_BUGREPORT "R.E.Wolff@BitWizard.nl"
| #define PACKAGE_URL "http://www.BitWizard.nl/mtr/"
| #define STDC_HEADERS 1
| #define HAVE_SYS_TYPES_H 1
| #define HAVE_SYS_STAT_H 1
| #define HAVE_STDLIB_H 1
| #define HAVE_STRING_H 1
| #define HAVE_MEMORY_H 1
| #define HAVE_STRINGS_H 1
| #define HAVE_INTTYPES_H 1
| #define HAVE_STDINT_H 1
| #define HAVE_UNISTD_H 1
| #define __EXTENSIONS__ 1
| #define _ALL_SOURCE 1
| #define _GNU_SOURCE 1
| #define _POSIX_PTHREAD_SEMANTICS 1
| #define _TANDEM_SOURCE 1
| #define PACKAGE "mtr"
| #define VERSION ""
| #define SIZEOF_UNSIGNED_CHAR 1
| #define SIZEOF_UNSIGNED_SHORT 2
| #define SIZEOF_UNSIGNED_INT 4
| #define SIZEOF_UNSIGNED_LONG 8
| #define HAVE_ARPA_NAMESER_COMPAT_H 1
| #define HAVE_CURSES_H 1
| #define HAVE_ERROR_H 1
| #define HAVE_FCNTL_H 1
| #define HAVE_LINUX_ICMP_H 1
| #define HAVE_LINUX_ERRQUEUE_H 1
| #define HAVE_NCURSES_H 1
| #define HAVE_NCURSES_CURSES_H 1
| #define HAVE_NETINET_IN_H 1
| #define HAVE_SYS_CDEFS_H 1
| #define HAVE_SYS_SOCKET_H 1
| #define HAVE_STDIO_EXT_H 1
| #define HAVE_SYS_TYPES_H 1
| /* end confdefs.h.  */
| #include <stdio.h>
| #ifdef HAVE_SYS_TYPES_H
| # include <sys/types.h>
| #endif
| #ifdef HAVE_SYS_STAT_H
| # include <sys/stat.h>
| #endif
| #ifdef STDC_HEADERS
| # include <stdlib.h>
| # include <stddef.h>
| #else
| # ifdef HAVE_STDLIB_H
| #  include <stdlib.h>
| # endif
| #endif
| #ifdef HAVE_STRING_H
| # if !defined STDC_HEADERS && defined HAVE_MEMORY_H
| #  include <memory.h>
| # endif
| # include <string.h>
| #endif
| #ifdef HAVE_STRINGS_H
| # include <strings.h>
| #endif
| #ifdef HAVE_INTTYPES_H
| # include <inttypes.h>
| #endif
| #ifdef HAVE_STDINT_H
| # include <stdint.h>
| #endif
| #ifdef HAVE_UNISTD_H
| # include <unistd.h>
| #endif
| #include <sys/xti.h>
configure:5617: result: no
configure:5617: checking sys/xti.h presence
configure:5617: gcc -E  conftest.c
conftest.c:43:10: fatal error: sys/xti.h: No such file or directory
 #include <sys/xti.h>
          ^~~~~~~~~~~
compilation terminated.
configure:5617: $? = 1
configure: failed program was:
| /* confdefs.h */
| #define PACKAGE_NAME "mtr"
| #define PACKAGE_TARNAME "mtr"
| #define PACKAGE_VERSION ""
| #define PACKAGE_STRING "mtr "
| #define PACKAGE_BUGREPORT "R.E.Wolff@BitWizard.nl"
| #define PACKAGE_URL "http://www.BitWizard.nl/mtr/"
| #define STDC_HEADERS 1
| #define HAVE_SYS_TYPES_H 1
| #define HAVE_SYS_STAT_H 1
| #define HAVE_STDLIB_H 1
| #define HAVE_STRING_H 1
| #define HAVE_MEMORY_H 1
| #define HAVE_STRINGS_H 1
| #define HAVE_INTTYPES_H 1
| #define HAVE_STDINT_H 1
| #define HAVE_UNISTD_H 1
| #define __EXTENSIONS__ 1
| #define _ALL_SOURCE 1
| #define _GNU_SOURCE 1
| #define _POSIX_PTHREAD_SEMANTICS 1
| #define _TANDEM_SOURCE 1
| #define PACKAGE "mtr"
| #define VERSION ""
| #define SIZEOF_UNSIGNED_CHAR 1
| #define SIZEOF_UNSIGNED_SHORT 2
| #define SIZEOF_UNSIGNED_INT 4
| #define SIZEOF_UNSIGNED_LONG 8
| #define HAVE_ARPA_NAMESER_COMPAT_H 1
| #define HAVE_CURSES_H 1
| #define HAVE_ERROR_H 1
| #define HAVE_FCNTL_H 1
| #define HAVE_LINUX_ICMP_H 1
| #define HAVE_LINUX_ERRQUEUE_H 1
| #define HAVE_NCURSES_H 1
| #define HAVE_NCURSES_CURSES_H 1
| #define HAVE_NETINET_IN_H 1
| #define HAVE_SYS_CDEFS_H 1
| #define HAVE_SYS_SOCKET_H 1
| #define HAVE_STDIO_EXT_H 1
| #define HAVE_SYS_TYPES_H 1
| /* end confdefs.h.  */
| #include <sys/xti.h>
configure:5617: result: no
configure:5617: checking for sys/xti.h
configure:5617: result: no
configure:5617: checking values.h usability
configure:5617: gcc -c -g -O2  conftest.c >&5
configure:5617: $? = 0
configure:5617: result: yes
configure:5617: checking values.h presence
configure:5617: gcc -E  conftest.c
configure:5617: $? = 0
configure:5617: result: yes
configure:5617: checking for values.h
configure:5617: result: yes
configure:5635: checking for __fpending
configure:5635: gcc -o conftest -g -O2   conftest.c  >&5
configure:5635: $? = 0
configure:5635: result: yes
configure:5635: checking for fcntl
configure:5635: gcc -o conftest -g -O2   conftest.c  >&5
configure:5635: $? = 0
configure:5635: result: yes
configure:5645: checking for error
configure:5645: gcc -o conftest -g -O2   conftest.c  >&5
configure:5645: $? = 0
configure:5645: result: yes
configure:5676: checking for getopt_long
configure:5676: gcc -o conftest -g -O2   conftest.c  >&5
configure:5676: $? = 0
configure:5676: result: yes
configure:5699: checking for floor in -lm
configure:5724: gcc -o conftest -g -O2   conftest.c -lm   >&5
conftest.c:54:6: warning: conflicting types for built-in function 'floor' [-Wbuiltin-declaration-mismatch]
 char floor ();
      ^~~~~
configure:5724: $? = 0
configure:5733: result: yes
configure:5775: checking for GTK
configure:5782: $PKG_CONFIG --exists --print-errors "gtk+-3.0"
configure:5785: $? = 0
configure:5799: $PKG_CONFIG --exists --print-errors "gtk+-3.0"
configure:5802: $? = 0
configure:5984: result: yes
configure:6015: checking for JANSSON
configure:6022: $PKG_CONFIG --exists --print-errors "jansson"
Package jansson was not found in the pkg-config search path.
Perhaps you should add the directory containing `jansson.pc'
to the PKG_CONFIG_PATH environment variable
Package 'jansson', required by 'virtual:world', not found
configure:6025: $? = 1
configure:6039: $PKG_CONFIG --exists --print-errors "jansson"
Package jansson was not found in the pkg-config search path.
Perhaps you should add the directory containing `jansson.pc'
to the PKG_CONFIG_PATH environment variable
Package 'jansson', required by 'virtual:world', not found
configure:6042: $? = 1
configure:6056: result: no
Package 'jansson', required by 'virtual:world', not found
configure:6101: checking for library containing initscr
configure:6132: gcc -o conftest -g -O2   conftest.c -lm  >&5
/tmp/cc5RRSg8.o: In function `main':
/mnt/c/Users/santos.r/Documents/001 DISTROS/RL8/mtr/conftest.c:61: undefined reference to `initscr'
collect2: error: ld returned 1 exit status
configure:6132: $? = 1
configure: failed program was:
| /* confdefs.h */
| #define PACKAGE_NAME "mtr"
| #define PACKAGE_TARNAME "mtr"
| #define PACKAGE_VERSION ""
| #define PACKAGE_STRING "mtr "
| #define PACKAGE_BUGREPORT "R.E.Wolff@BitWizard.nl"
| #define PACKAGE_URL "http://www.BitWizard.nl/mtr/"
| #define STDC_HEADERS 1
| #define HAVE_SYS_TYPES_H 1
| #define HAVE_SYS_STAT_H 1
| #define HAVE_STDLIB_H 1
| #define HAVE_STRING_H 1
| #define HAVE_MEMORY_H 1
| #define HAVE_STRINGS_H 1
| #define HAVE_INTTYPES_H 1
| #define HAVE_STDINT_H 1
| #define HAVE_UNISTD_H 1
| #define __EXTENSIONS__ 1
| #define _ALL_SOURCE 1
| #define _GNU_SOURCE 1
| #define _POSIX_PTHREAD_SEMANTICS 1
| #define _TANDEM_SOURCE 1
| #define PACKAGE "mtr"
| #define VERSION ""
| #define SIZEOF_UNSIGNED_CHAR 1
| #define SIZEOF_UNSIGNED_SHORT 2
| #define SIZEOF_UNSIGNED_INT 4
| #define SIZEOF_UNSIGNED_LONG 8
| #define HAVE_ARPA_NAMESER_COMPAT_H 1
| #define HAVE_CURSES_H 1
| #define HAVE_ERROR_H 1
| #define HAVE_FCNTL_H 1
| #define HAVE_LINUX_ICMP_H 1
| #define HAVE_LINUX_ERRQUEUE_H 1
| #define HAVE_NCURSES_H 1
| #define HAVE_NCURSES_CURSES_H 1
| #define HAVE_NETINET_IN_H 1
| #define HAVE_SYS_CDEFS_H 1
| #define HAVE_SYS_SOCKET_H 1
| #define HAVE_STDIO_EXT_H 1
| #define HAVE_SYS_TYPES_H 1
| #define HAVE_VALUES_H 1
| #define HAVE___FPENDING 1
| #define HAVE_FCNTL 1
| #define HAVE_GETOPT 1
| #define HAVE_LIBM 1
| #define HAVE_GTK 1
| #define HAVE_GTK3 1
| /* end confdefs.h.  */
| 
| /* Override any GCC internal prototype to avoid an error.
|    Use char because int might match the return type of a GCC
|    builtin and then its argument prototype would still apply.  */
| #ifdef __cplusplus
| extern "C"
| #endif
| char initscr ();
| int
| main ()
| {
| return initscr ();
|   ;
|   return 0;
| }
configure:6132: gcc -o conftest -g -O2   conftest.c -lncurses  -lm  >&5
configure:6132: $? = 0
configure:6149: result: -lncurses
configure:6172: checking for cap_set_proc in -lcap
configure:6197: gcc -o conftest -g -O2   conftest.c -lcap  -lncurses -lm  >&5
/usr/bin/ld: cannot find -lcap
collect2: error: ld returned 1 exit status
configure:6197: $? = 1
configure: failed program was:
| /* confdefs.h */
| #define PACKAGE_NAME "mtr"
| #define PACKAGE_TARNAME "mtr"
| #define PACKAGE_VERSION ""
| #define PACKAGE_STRING "mtr "
| #define PACKAGE_BUGREPORT "R.E.Wolff@BitWizard.nl"
| #define PACKAGE_URL "http://www.BitWizard.nl/mtr/"
| #define STDC_HEADERS 1
| #define HAVE_SYS_TYPES_H 1
| #define HAVE_SYS_STAT_H 1
| #define HAVE_STDLIB_H 1
| #define HAVE_STRING_H 1
| #define HAVE_MEMORY_H 1
| #define HAVE_STRINGS_H 1
| #define HAVE_INTTYPES_H 1
| #define HAVE_STDINT_H 1
| #define HAVE_UNISTD_H 1
| #define __EXTENSIONS__ 1
| #define _ALL_SOURCE 1
| #define _GNU_SOURCE 1
| #define _POSIX_PTHREAD_SEMANTICS 1
| #define _TANDEM_SOURCE 1
| #define PACKAGE "mtr"
| #define VERSION ""
| #define SIZEOF_UNSIGNED_CHAR 1
| #define SIZEOF_UNSIGNED_SHORT 2
| #define SIZEOF_UNSIGNED_INT 4
| #define SIZEOF_UNSIGNED_LONG 8
| #define HAVE_ARPA_NAMESER_COMPAT_H 1
| #define HAVE_CURSES_H 1
| #define HAVE_ERROR_H 1
| #define HAVE_FCNTL_H 1
| #define HAVE_LINUX_ICMP_H 1
| #define HAVE_LINUX_ERRQUEUE_H 1
| #define HAVE_NCURSES_H 1
| #define HAVE_NCURSES_CURSES_H 1
| #define HAVE_NETINET_IN_H 1
| #define HAVE_SYS_CDEFS_H 1
| #define HAVE_SYS_SOCKET_H 1
| #define HAVE_STDIO_EXT_H 1
| #define HAVE_SYS_TYPES_H 1
| #define HAVE_VALUES_H 1
| #define HAVE___FPENDING 1
| #define HAVE_FCNTL 1
| #define HAVE_GETOPT 1
| #define HAVE_LIBM 1
| #define HAVE_GTK 1
| #define HAVE_GTK3 1
| #define HAVE_CURSES 1
| /* end confdefs.h.  */
| 
| /* Override any GCC internal prototype to avoid an error.
|    Use char because int might match the return type of a GCC
|    builtin and then its argument prototype would still apply.  */
| #ifdef __cplusplus
| extern "C"
| #endif
| char cap_set_proc ();
| int
| main ()
| {
| return cap_set_proc ();
|   ;
|   return 0;
| }
configure:6206: result: no
configure:6212: WARNING: Capabilities support is strongly recommended for increased security.  See SECURITY for more information.
configure:6260: checking for socket
configure:6260: gcc -o conftest -g -O2   conftest.c -lncurses -lm  >&5
configure:6260: $? = 0
configure:6260: result: yes
configure:6314: checking for gethostbyname
configure:6314: gcc -o conftest -g -O2   conftest.c -lncurses -lm  >&5
configure:6314: $? = 0
configure:6314: result: yes
configure:6369: checking for res_query
configure:6369: gcc -o conftest -g -O2   conftest.c -lncurses -lm  >&5
/tmp/ccEKHKJm.o: In function `main':
/mnt/c/Users/santos.r/Documents/001 DISTROS/RL8/mtr/conftest.c:87: undefined reference to `res_query'
collect2: error: ld returned 1 exit status
configure:6369: $? = 1
configure: failed program was:
| /* confdefs.h */
| #define PACKAGE_NAME "mtr"
| #define PACKAGE_TARNAME "mtr"
| #define PACKAGE_VERSION ""
| #define PACKAGE_STRING "mtr "
| #define PACKAGE_BUGREPORT "R.E.Wolff@BitWizard.nl"
| #define PACKAGE_URL "http://www.BitWizard.nl/mtr/"
| #define STDC_HEADERS 1
| #define HAVE_SYS_TYPES_H 1
| #define HAVE_SYS_STAT_H 1
| #define HAVE_STDLIB_H 1
| #define HAVE_STRING_H 1
| #define HAVE_MEMORY_H 1
| #define HAVE_STRINGS_H 1
| #define HAVE_INTTYPES_H 1
| #define HAVE_STDINT_H 1
| #define HAVE_UNISTD_H 1
| #define __EXTENSIONS__ 1
| #define _ALL_SOURCE 1
| #define _GNU_SOURCE 1
| #define _POSIX_PTHREAD_SEMANTICS 1
| #define _TANDEM_SOURCE 1
| #define PACKAGE "mtr"
| #define VERSION ""
| #define SIZEOF_UNSIGNED_CHAR 1
| #define SIZEOF_UNSIGNED_SHORT 2
| #define SIZEOF_UNSIGNED_INT 4
| #define SIZEOF_UNSIGNED_LONG 8
| #define HAVE_ARPA_NAMESER_COMPAT_H 1
| #define HAVE_CURSES_H 1
| #define HAVE_ERROR_H 1
| #define HAVE_FCNTL_H 1
| #define HAVE_LINUX_ICMP_H 1
| #define HAVE_LINUX_ERRQUEUE_H 1
| #define HAVE_NCURSES_H 1
| #define HAVE_NCURSES_CURSES_H 1
| #define HAVE_NETINET_IN_H 1
| #define HAVE_SYS_CDEFS_H 1
| #define HAVE_SYS_SOCKET_H 1
| #define HAVE_STDIO_EXT_H 1
| #define HAVE_SYS_TYPES_H 1
| #define HAVE_VALUES_H 1
| #define HAVE___FPENDING 1
| #define HAVE_FCNTL 1
| #define HAVE_GETOPT 1
| #define HAVE_LIBM 1
| #define HAVE_GTK 1
| #define HAVE_GTK3 1
| #define HAVE_CURSES 1
| #define HAVE_IPINFO 1
| #define ENABLE_IPV6 1
| /* end confdefs.h.  */
| /* Define res_query to an innocuous variant, in case <limits.h> declares res_query.
|    For example, HP-UX 11i <limits.h> declares gettimeofday.  */
| #define res_query innocuous_res_query
| 
| /* System header to define __stub macros and hopefully few prototypes,
|     which can conflict with char res_query (); below.
|     Prefer <limits.h> to <assert.h> if __STDC__ is defined, since
|     <limits.h> exists even on freestanding compilers.  */
| 
| #ifdef __STDC__
| # include <limits.h>
| #else
| # include <assert.h>
| #endif
| 
| #undef res_query
| 
| /* Override any GCC internal prototype to avoid an error.
|    Use char because int might match the return type of a GCC
|    builtin and then its argument prototype would still apply.  */
| #ifdef __cplusplus
| extern "C"
| #endif
| char res_query ();
| /* The GNU C library defines this for functions which it implements
|     to always fail with ENOSYS.  Some functions are actually named
|     something starting with __ and the normal name is an alias.  */
| #if defined __stub_res_query || defined __stub___res_query
| choke me
| #endif
| 
| int
| main ()
| {
| return res_query ();
|   ;
|   return 0;
| }
configure:6369: result: no
configure:6374: checking for __res_query in -lresolv
configure:6399: gcc -o conftest -g -O2   conftest.c -lresolv  -lncurses -lm  >&5
configure:6399: $? = 0
configure:6408: result: yes
configure:6554: checking whether errno is declared
configure:6554: gcc -c -g -O2  conftest.c >&5
configure:6554: $? = 0
configure:6554: result: yes
configure:6570: checking for socklen_t
configure:6570: gcc -c -g -O2  conftest.c >&5
configure:6570: $? = 0
configure:6570: gcc -c -g -O2  conftest.c >&5
conftest.c: In function 'main':
conftest.c:65:24: error: expected expression before ')' token
 if (sizeof ((socklen_t)))
                        ^
configure:6570: $? = 1
configure: failed program was:
| /* confdefs.h */
| #define PACKAGE_NAME "mtr"
| #define PACKAGE_TARNAME "mtr"
| #define PACKAGE_VERSION ""
| #define PACKAGE_STRING "mtr "
| #define PACKAGE_BUGREPORT "R.E.Wolff@BitWizard.nl"
| #define PACKAGE_URL "http://www.BitWizard.nl/mtr/"
| #define STDC_HEADERS 1
| #define HAVE_SYS_TYPES_H 1
| #define HAVE_SYS_STAT_H 1
| #define HAVE_STDLIB_H 1
| #define HAVE_STRING_H 1
| #define HAVE_MEMORY_H 1
| #define HAVE_STRINGS_H 1
| #define HAVE_INTTYPES_H 1
| #define HAVE_STDINT_H 1
| #define HAVE_UNISTD_H 1
| #define __EXTENSIONS__ 1
| #define _ALL_SOURCE 1
| #define _GNU_SOURCE 1
| #define _POSIX_PTHREAD_SEMANTICS 1
| #define _TANDEM_SOURCE 1
| #define PACKAGE "mtr"
| #define VERSION ""
| #define SIZEOF_UNSIGNED_CHAR 1
| #define SIZEOF_UNSIGNED_SHORT 2
| #define SIZEOF_UNSIGNED_INT 4
| #define SIZEOF_UNSIGNED_LONG 8
| #define HAVE_ARPA_NAMESER_COMPAT_H 1
| #define HAVE_CURSES_H 1
| #define HAVE_ERROR_H 1
| #define HAVE_FCNTL_H 1
| #define HAVE_LINUX_ICMP_H 1
| #define HAVE_LINUX_ERRQUEUE_H 1
| #define HAVE_NCURSES_H 1
| #define HAVE_NCURSES_CURSES_H 1
| #define HAVE_NETINET_IN_H 1
| #define HAVE_SYS_CDEFS_H 1
| #define HAVE_SYS_SOCKET_H 1
| #define HAVE_STDIO_EXT_H 1
| #define HAVE_SYS_TYPES_H 1
| #define HAVE_VALUES_H 1
| #define HAVE___FPENDING 1
| #define HAVE_FCNTL 1
| #define HAVE_GETOPT 1
| #define HAVE_LIBM 1
| #define HAVE_GTK 1
| #define HAVE_GTK3 1
| #define HAVE_CURSES 1
| #define HAVE_IPINFO 1
| #define ENABLE_IPV6 1
| #define HAVE_DECL_ERRNO 1
| /* end confdefs.h.  */
| #include <netinet/in.h>
| #ifdef HAVE_SOCKET_H
| #include <socket.h>
| #endif
| #ifdef HAVE_SYS_SOCKET_H
| #include <sys/socket.h>
| #endif
| 
| int
| main ()
| {
| if (sizeof ((socklen_t)))
| 	    return 0;
|   ;
|   return 0;
| }
configure:6570: result: yes
configure:6585: checking for time_t
configure:6585: gcc -c -g -O2  conftest.c >&5
configure:6585: $? = 0
configure:6585: gcc -c -g -O2  conftest.c >&5
conftest.c: In function 'main':
conftest.c:62:21: error: expected expression before ')' token
 if (sizeof ((time_t)))
                     ^
configure:6585: $? = 1
configure: failed program was:
| /* confdefs.h */
| #define PACKAGE_NAME "mtr"
| #define PACKAGE_TARNAME "mtr"
| #define PACKAGE_VERSION ""
| #define PACKAGE_STRING "mtr "
| #define PACKAGE_BUGREPORT "R.E.Wolff@BitWizard.nl"
| #define PACKAGE_URL "http://www.BitWizard.nl/mtr/"
| #define STDC_HEADERS 1
| #define HAVE_SYS_TYPES_H 1
| #define HAVE_SYS_STAT_H 1
| #define HAVE_STDLIB_H 1
| #define HAVE_STRING_H 1
| #define HAVE_MEMORY_H 1
| #define HAVE_STRINGS_H 1
| #define HAVE_INTTYPES_H 1
| #define HAVE_STDINT_H 1
| #define HAVE_UNISTD_H 1
| #define __EXTENSIONS__ 1
| #define _ALL_SOURCE 1
| #define _GNU_SOURCE 1
| #define _POSIX_PTHREAD_SEMANTICS 1
| #define _TANDEM_SOURCE 1
| #define PACKAGE "mtr"
| #define VERSION ""
| #define SIZEOF_UNSIGNED_CHAR 1
| #define SIZEOF_UNSIGNED_SHORT 2
| #define SIZEOF_UNSIGNED_INT 4
| #define SIZEOF_UNSIGNED_LONG 8
| #define HAVE_ARPA_NAMESER_COMPAT_H 1
| #define HAVE_CURSES_H 1
| #define HAVE_ERROR_H 1
| #define HAVE_FCNTL_H 1
| #define HAVE_LINUX_ICMP_H 1
| #define HAVE_LINUX_ERRQUEUE_H 1
| #define HAVE_NCURSES_H 1
| #define HAVE_NCURSES_CURSES_H 1
| #define HAVE_NETINET_IN_H 1
| #define HAVE_SYS_CDEFS_H 1
| #define HAVE_SYS_SOCKET_H 1
| #define HAVE_STDIO_EXT_H 1
| #define HAVE_SYS_TYPES_H 1
| #define HAVE_VALUES_H 1
| #define HAVE___FPENDING 1
| #define HAVE_FCNTL 1
| #define HAVE_GETOPT 1
| #define HAVE_LIBM 1
| #define HAVE_GTK 1
| #define HAVE_GTK3 1
| #define HAVE_CURSES 1
| #define HAVE_IPINFO 1
| #define ENABLE_IPV6 1
| #define HAVE_DECL_ERRNO 1
| #define HAVE_SOCKLEN_T /**/
| /* end confdefs.h.  */
| 
| #include <time.h>
| 
| 
| int
| main ()
| {
| if (sizeof ((time_t)))
| 	    return 0;
|   ;
|   return 0;
| }
configure:6585: result: yes
configure:6600: checking for C flags to get more warnings
configure:6614: gcc -c -g -O2 -Wno-pointer-sign  conftest.c >&5
configure:6614: $? = 0
configure:6686: result: -Wall -Wno-pointer-sign
configure:6853: checking that generated files are newer than configure
configure:6859: result: done
configure:6914: creating ./config.status

## ---------------------- ##
## Running config.status. ##
## ---------------------- ##

This file was extended by mtr config.status , which was
generated by GNU Autoconf 2.69.  Invocation command line was

  CONFIG_FILES    = 
  CONFIG_HEADERS  = 
  CONFIG_LINKS    = 
  CONFIG_COMMANDS = 
  $ ./config.status 

on IDTBR82

config.status:924: creating Makefile
config.status:924: creating config.h
config.status:1105: config.h is unchanged
config.status:1153: executing depfiles commands
config.status:1230: cd .       && sed -e '/# am--include-marker/d' Makefile         | make -f - am--depfiles
make: Nothing to be done for 'am--depfiles'.
config.status:1235: $? = 0

## ---------------- ##
## Cache variables. ##
## ---------------- ##

ac_cv_build=x86_64-pc-linux-gnu
ac_cv_c_compiler_gnu=yes
ac_cv_env_CC_set=
ac_cv_env_CC_value=
ac_cv_env_CFLAGS_set=
ac_cv_env_CFLAGS_value=
ac_cv_env_CPPFLAGS_set=
ac_cv_env_CPPFLAGS_value=
ac_cv_env_CPP_set=
ac_cv_env_CPP_value=
ac_cv_env_GTK_CFLAGS_set=
ac_cv_env_GTK_CFLAGS_value=
ac_cv_env_GTK_LIBS_set=
ac_cv_env_GTK_LIBS_value=
ac_cv_env_JANSSON_CFLAGS_set=
ac_cv_env_JANSSON_CFLAGS_value=
ac_cv_env_JANSSON_LIBS_set=
ac_cv_env_JANSSON_LIBS_value=
ac_cv_env_LDFLAGS_set=
ac_cv_env_LDFLAGS_value=
ac_cv_env_LIBS_set=
ac_cv_env_LIBS_value=
ac_cv_env_PKG_CONFIG_LIBDIR_set=
ac_cv_env_PKG_CONFIG_LIBDIR_value=
ac_cv_env_PKG_CONFIG_PATH_set=
ac_cv_env_PKG_CONFIG_PATH_value=
ac_cv_env_PKG_CONFIG_set=
ac_cv_env_PKG_CONFIG_value=
ac_cv_env_build_alias_set=
ac_cv_env_build_alias_value=
ac_cv_env_host_alias_set=
ac_cv_env_host_alias_value=
ac_cv_env_target_alias_set=
ac_cv_env_target_alias_value=
ac_cv_func___fpending=yes
ac_cv_func_error=yes
ac_cv_func_fcntl=yes
ac_cv_func_gethostbyname=yes
ac_cv_func_getopt_long=yes
ac_cv_func_res_query=no
ac_cv_func_socket=yes
ac_cv_have_decl_errno=yes
ac_cv_header_arpa_nameser_compat_h=yes
ac_cv_header_cursesX_h=no
ac_cv_header_curses_h=yes
ac_cv_header_error_h=yes
ac_cv_header_fcntl_h=yes
ac_cv_header_inttypes_h=yes
ac_cv_header_linux_errqueue_h=yes
ac_cv_header_linux_icmp_h=yes
ac_cv_header_memory_h=yes
ac_cv_header_minix_config_h=no
ac_cv_header_ncurses_curses_h=yes
ac_cv_header_ncurses_h=yes
ac_cv_header_netinet_in_h=yes
ac_cv_header_socket_h=no
ac_cv_header_stdc=yes
ac_cv_header_stdint_h=yes
ac_cv_header_stdio_ext_h=yes
ac_cv_header_stdlib_h=yes
ac_cv_header_string_h=yes
ac_cv_header_strings_h=yes
ac_cv_header_sys_cdefs_h=yes
ac_cv_header_sys_limits_h=no
ac_cv_header_sys_socket_h=yes
ac_cv_header_sys_stat_h=yes
ac_cv_header_sys_types_h=yes
ac_cv_header_sys_xti_h=no
ac_cv_header_unistd_h=yes
ac_cv_header_values_h=yes
ac_cv_host=x86_64-pc-linux-gnu
ac_cv_lib_cap_cap_set_proc=no
ac_cv_lib_m_floor=yes
ac_cv_lib_resolv___res_query=yes
ac_cv_objext=o
ac_cv_path_EGREP='/usr/bin/grep -E'
ac_cv_path_GREP=/usr/bin/grep
ac_cv_path_ac_pt_PKG_CONFIG=/usr/bin/pkg-config
ac_cv_path_install='/usr/bin/install -c'
ac_cv_path_mkdir=/usr/bin/mkdir
ac_cv_prog_AWK=gawk
ac_cv_prog_CPP='gcc -E'
ac_cv_prog_ac_ct_CC=gcc
ac_cv_prog_cc_c89=
ac_cv_prog_cc_g=yes
ac_cv_prog_make_make_set=yes
ac_cv_safe_to_define___extensions__=yes
ac_cv_search_initscr=-lncurses
ac_cv_sizeof_unsigned_char=1
ac_cv_sizeof_unsigned_int=4
ac_cv_sizeof_unsigned_long=8
ac_cv_sizeof_unsigned_short=2
ac_cv_type_socklen_t=yes
ac_cv_type_time_t=yes
am_cv_CC_dependencies_compiler_type=gcc3
am_cv_make_support_nested_variables=yes
am_cv_prog_cc_c_o=yes
pkg_cv_GTK_CFLAGS='-I/usr/include/gtk-3.0 -I/usr/include/pango-1.0 -I/usr/include/glib-2.0 -I/usr/lib64/glib-2.0/include -I/usr/include/fribidi -I/usr/include/cairo -I/usr/include/pixman-1 -I/usr/include/freetype2 -I/usr/include/libpng16 -I/usr/include/uuid -I/usr/include/harfbuzz -I/usr/include/gdk-pixbuf-2.0 -I/usr/include/gio-unix-2.0/ -I/usr/include/atk-1.0 -I/usr/include/at-spi2-atk/2.0 -I/usr/include/at-spi-2.0 -I/usr/include/dbus-1.0 -I/usr/lib64/dbus-1.0/include -pthread '
pkg_cv_GTK_LIBS='-lgtk-3 -lgdk-3 -lpangocairo-1.0 -lpango-1.0 -latk-1.0 -lcairo-gobject -lcairo -lgdk_pixbuf-2.0 -lgio-2.0 -lgobject-2.0 -lglib-2.0 '

## ----------------- ##
## Output variables. ##
## ----------------- ##

ACLOCAL='${SHELL} "/mnt/c/Users/santos.r/Documents/001 DISTROS/RL8/mtr/build-aux/missing" aclocal-1.16'
AMDEPBACKSLASH='\'
AMDEP_FALSE='#'
AMDEP_TRUE=''
AMTAR='$${TAR-tar}'
AM_BACKSLASH='\'
AM_DEFAULT_V='$(AM_DEFAULT_VERBOSITY)'
AM_DEFAULT_VERBOSITY='0'
AM_V='$(V)'
AUTOCONF='${SHELL} "/mnt/c/Users/santos.r/Documents/001 DISTROS/RL8/mtr/build-aux/missing" autoconf'
AUTOHEADER='${SHELL} "/mnt/c/Users/santos.r/Documents/001 DISTROS/RL8/mtr/build-aux/missing" autoheader'
AUTOMAKE='${SHELL} "/mnt/c/Users/santos.r/Documents/001 DISTROS/RL8/mtr/build-aux/missing" automake-1.16'
AWK='gawk'
BUILD_BASH_COMPLETION_FALSE='#'
BUILD_BASH_COMPLETION_TRUE=''
CC='gcc'
CCDEPMODE='depmode=gcc3'
CFLAGS='-g -O2 -Wall -Wno-pointer-sign'
CPP='gcc -E'
CPPFLAGS=''
CYGPATH_W='echo'
CYGWIN_FALSE=''
CYGWIN_TRUE='#'
DEFS='-DHAVE_CONFIG_H'
DEPDIR='.deps'
ECHO_C=''
ECHO_N='-n'
ECHO_T=''
EGREP='/usr/bin/grep -E'
EXEEXT=''
GREP='/usr/bin/grep'
GTK_CFLAGS='-I/usr/include/gtk-3.0 -I/usr/include/pango-1.0 -I/usr/include/glib-2.0 -I/usr/lib64/glib-2.0/include -I/usr/include/fribidi -I/usr/include/cairo -I/usr/include/pixman-1 -I/usr/include/freetype2 -I/usr/include/libpng16 -I/usr/include/uuid -I/usr/include/harfbuzz -I/usr/include/gdk-pixbuf-2.0 -I/usr/include/gio-unix-2.0/ -I/usr/include/atk-1.0 -I/usr/include/at-spi2-atk/2.0 -I/usr/include/at-spi-2.0 -I/usr/include/dbus-1.0 -I/usr/lib64/dbus-1.0/include -pthread '
GTK_LIBS='-lgtk-3 -lgdk-3 -lpangocairo-1.0 -lpango-1.0 -latk-1.0 -lcairo-gobject -lcairo -lgdk_pixbuf-2.0 -lgio-2.0 -lgobject-2.0 -lglib-2.0 '
INSTALL_DATA='${INSTALL} -m 644'
INSTALL_PROGRAM='${INSTALL}'
INSTALL_SCRIPT='${INSTALL}'
INSTALL_STRIP_PROGRAM='$(install_sh) -c -s'
JANSSON_CFLAGS=''
JANSSON_LIBS=''
LDFLAGS=''
LIBOBJS=''
LIBS='-lncurses -lm '
LTLIBOBJS=''
MAKEINFO='${SHELL} "/mnt/c/Users/santos.r/Documents/001 DISTROS/RL8/mtr/build-aux/missing" makeinfo'
MKDIR_P='/usr/bin/mkdir -p'
OBJEXT='o'
PACKAGE='mtr'
PACKAGE_BUGREPORT='R.E.Wolff@BitWizard.nl'
PACKAGE_NAME='mtr'
PACKAGE_STRING='mtr '
PACKAGE_TARNAME='mtr'
PACKAGE_URL='http://www.BitWizard.nl/mtr/'
PACKAGE_VERSION=''
PATH_SEPARATOR=':'
PKG_CONFIG='/usr/bin/pkg-config'
PKG_CONFIG_LIBDIR=''
PKG_CONFIG_PATH=''
RESOLV_LIBS='-lresolv'
SET_MAKE=''
SHELL='/bin/sh'
STRIP=''
VERSION=''
WITH_CURSES_FALSE='#'
WITH_CURSES_TRUE=''
WITH_ERROR_FALSE=''
WITH_ERROR_TRUE='#'
WITH_GETOPT_FALSE=''
WITH_GETOPT_TRUE='#'
WITH_GTK_FALSE='#'
WITH_GTK_TRUE=''
WITH_IPINFO_FALSE='#'
WITH_IPINFO_TRUE=''
WITH_LIBASAN_FALSE=''
WITH_LIBASAN_TRUE='#'
ac_ct_CC='gcc'
am__EXEEXT_FALSE=''
am__EXEEXT_TRUE='#'
am__fastdepCC_FALSE='#'
am__fastdepCC_TRUE=''
am__include='include'
am__isrc=''
am__leading_dot='.'
am__nodep='_no'
am__quote=''
am__tar='$${TAR-tar} chof - "$$tardir"'
am__untar='$${TAR-tar} xf -'
bashcompletiondir='${datarootdir}/bash-completion/completions'
bindir='${exec_prefix}/bin'
build='x86_64-pc-linux-gnu'
build_alias=''
build_cpu='x86_64'
build_os='linux-gnu'
build_vendor='pc'
datadir='${datarootdir}'
datarootdir='${prefix}/share'
docdir='${datarootdir}/doc/${PACKAGE_TARNAME}'
dvidir='${docdir}'
exec_prefix='${prefix}'
host='x86_64-pc-linux-gnu'
host_alias=''
host_cpu='x86_64'
host_os='linux-gnu'
host_vendor='pc'
htmldir='${docdir}'
includedir='${prefix}/include'
infodir='${datarootdir}/info'
install_sh='${SHELL} '\''/mnt/c/Users/santos.r/Documents/001 DISTROS/RL8/mtr/build-aux/install-sh'\'''
libdir='${exec_prefix}/lib'
libexecdir='${exec_prefix}/libexec'
localedir='${datarootdir}/locale'
localstatedir='${prefix}/var'
mandir='${datarootdir}/man'
mkdir_p='$(MKDIR_P)'
oldincludedir='/usr/include'
pdfdir='${docdir}'
prefix='/usr/local'
program_transform_name='s,x,x,'
psdir='${docdir}'
sbindir='${exec_prefix}/sbin'
sharedstatedir='${prefix}/com'
sysconfdir='${prefix}/etc'
target_alias=''

## ----------- ##
## confdefs.h. ##
## ----------- ##

/* confdefs.h */
#define PACKAGE_NAME "mtr"
#define PACKAGE_TARNAME "mtr"
#define PACKAGE_VERSION ""
#define PACKAGE_STRING "mtr "
#define PACKAGE_BUGREPORT "R.E.Wolff@BitWizard.nl"
#define PACKAGE_URL "http://www.BitWizard.nl/mtr/"
#define STDC_HEADERS 1
#define HAVE_SYS_TYPES_H 1
#define HAVE_SYS_STAT_H 1
#define HAVE_STDLIB_H 1
#define HAVE_STRING_H 1
#define HAVE_MEMORY_H 1
#define HAVE_STRINGS_H 1
#define HAVE_INTTYPES_H 1
#define HAVE_STDINT_H 1
#define HAVE_UNISTD_H 1
#define __EXTENSIONS__ 1
#define _ALL_SOURCE 1
#define _GNU_SOURCE 1
#define _POSIX_PTHREAD_SEMANTICS 1
#define _TANDEM_SOURCE 1
#define PACKAGE "mtr"
#define VERSION ""
#define SIZEOF_UNSIGNED_CHAR 1
#define SIZEOF_UNSIGNED_SHORT 2
#define SIZEOF_UNSIGNED_INT 4
#define SIZEOF_UNSIGNED_LONG 8
#define HAVE_ARPA_NAMESER_COMPAT_H 1
#define HAVE_CURSES_H 1
#define HAVE_ERROR_H 1
#define HAVE_FCNTL_H 1
#define HAVE_LINUX_ICMP_H 1
#define HAVE_LINUX_ERRQUEUE_H 1
#define HAVE_NCURSES_H 1
#define HAVE_NCURSES_CURSES_H 1
#define HAVE_NETINET_IN_H 1
#define HAVE_SYS_CDEFS_H 1
#define HAVE_SYS_SOCKET_H 1
#define HAVE_STDIO_EXT_H 1
#define HAVE_SYS_TYPES_H 1
#define HAVE_VALUES_H 1
#define HAVE___FPENDING 1
#define HAVE_FCNTL 1
#define HAVE_GETOPT 1
#define HAVE_LIBM 1
#define HAVE_GTK 1
#define HAVE_GTK3 1
#define HAVE_CURSES 1
#define HAVE_IPINFO 1
#define ENABLE_IPV6 1
#define HAVE_DECL_ERRNO 1
#define HAVE_SOCKLEN_T /**/
#define HAVE_TIME_T 1

configure: exit 0
